<?xml version="1.0" encoding="utf-8"?><testsuites name="pytest tests"><testsuite name="pytest" errors="0" failures="0" skipped="0" tests="3" time="1.179" timestamp="2026-08-06T10:52:01.716473+00:00" hostname="agent-env-e3d0cf2c-ecbd-461c-8261-e6041871f737"><testcase classname="tests.test_client_import_saldo" name="test_1_create_new_client_with_saldo" time="0.549" /><testcase classname="tests.test_client_import_saldo" name="test_2_update_existing_without_actualizar_saldo_keeps_saldo" time="0.095" /><testcase classname="tests.test_client_import_saldo" name="test_3_update_existing_with_actualizar_saldo_updates" time="0.191" /></testsuite></testsuites>