<?xml version="1.0" encoding="utf-8"?><testsuites name="pytest tests"><testsuite name="pytest" errors="0" failures="0" skipped="0" tests="7" time="2.431" timestamp="2026-08-04T18:02:49.243604+00:00" hostname="agent-env-481ba853-be7c-4bb9-b868-ef9e7b75bfcd"><testcase classname="tests.test_import_products" name="test_import_preview_xls" time="0.553" /><testcase classname="tests.test_import_products" name="test_import_confirm_xls" time="0.506" /><testcase classname="tests.test_import_products" name="test_import_xls_no_duplicate_on_reimport" time="0.306" /><testcase classname="tests.test_import_products" name="test_import_preview_xlsx" time="0.349" /><testcase classname="tests.test_import_products" name="test_import_preview_csv" time="0.260" /><testcase classname="tests.test_import_products" name="test_import_unsupported_returns_400" time="0.127" /><testcase classname="tests.test_import_products" name="test_cleanup" time="0.074" /></testsuite></testsuites>