<?xml version="1.0" encoding="utf-8"?><testsuites name="pytest tests"><testsuite name="pytest" errors="0" failures="0" skipped="0" tests="4" time="2.408" timestamp="2026-08-06T17:24:16.821707+00:00" hostname="agent-env-e3d0cf2c-ecbd-461c-8261-e6041871f737"><testcase classname="tests.test_iteration6_uploads_barcodes_ticket" name="test_upload_image_and_public_serve" time="1.162" /><testcase classname="tests.test_iteration6_uploads_barcodes_ticket" name="test_product_with_barcodes_crud_search" time="0.290" /><testcase classname="tests.test_iteration6_uploads_barcodes_ticket" name="test_settings_ticket_config_roundtrip" time="0.177" /><testcase classname="tests.test_iteration6_uploads_barcodes_ticket" name="test_create_sale_and_ticket_pdf" time="0.717" /></testsuite></testsuites>