<?xml version="1.0" encoding="utf-8"?><testsuites name="pytest tests"><testsuite name="pytest" errors="0" failures="0" skipped="0" tests="7" time="1.776" timestamp="2026-08-07T21:25:49.080987+00:00" hostname="agent-env-e3d0cf2c-ecbd-461c-8261-e6041871f737"><testcase classname="tests.test_iteration7_recargas.TestRecargaCreate" name="test_crear_recarga_ok" time="0.600" /><testcase classname="tests.test_iteration7_recargas.TestRecargaCreate" name="test_monto_cero_400" time="0.048" /><testcase classname="tests.test_iteration7_recargas.TestRecargaCreate" name="test_monto_negativo_400" time="0.046" /><testcase classname="tests.test_iteration7_recargas.TestRecargaCreate" name="test_telefono_vacio_400" time="0.047" /><testcase classname="tests.test_iteration7_recargas.TestRecargaInSales" name="test_recarga_aparece_en_hoy" time="0.049" /><testcase classname="tests.test_iteration7_recargas.TestTicketPdf" name="test_ticket_pdf_devuelve_url" time="0.279" /><testcase classname="tests.test_iteration7_recargas.TestTicketPdf" name="test_ticket_pdf_get_application_pdf" time="0.647" /></testsuite></testsuites>