<?xml version="1.0" encoding="utf-8"?><testsuites name="pytest tests"><testsuite name="pytest" errors="0" failures="0" skipped="0" tests="24" time="4.093" timestamp="2026-08-04T12:32:00.336271+00:00" hostname="agent-env-481ba853-be7c-4bb9-b868-ef9e7b75bfcd"><testcase classname="tests.test_rysa_api.TestAuth" name="test_login_ok_and_me" time="0.499" /><testcase classname="tests.test_rysa_api.TestAuth" name="test_login_bad_password" time="0.355" /><testcase classname="tests.test_rysa_api.TestAuth" name="test_me_requires_auth" time="0.129" /><testcase classname="tests.test_rysa_api.TestRBAC" name="test_admin_can_list_users" time="0.057" /><testcase classname="tests.test_rysa_api.TestRBAC" name="test_users_requires_permission_without_token" time="0.127" /><testcase classname="tests.test_rysa_api.TestProducts" name="test_create_generates_inventory_entry" time="0.122" /><testcase classname="tests.test_rysa_api.TestProducts" name="test_list_and_search" time="0.057" /><testcase classname="tests.test_rysa_api.TestProducts" name="test_filter_bajo_stock_sin_existencia" time="0.059" /><testcase classname="tests.test_rysa_api.TestProducts" name="test_adjust_inventory" time="0.119" /><testcase classname="tests.test_rysa_api.TestClients" name="test_publico_general_exists" time="0.060" /><testcase classname="tests.test_rysa_api.TestClients" name="test_create_client_auto_codigo" time="0.062" /><testcase classname="tests.test_rysa_api.TestCaja" name="test_abrir_caja" time="0.119" /><testcase classname="tests.test_rysa_api.TestCaja" name="test_caja_actual_resumen" time="0.056" /><testcase classname="tests.test_rysa_api.TestSales" name="test_sale_contado_efectivo_updates_inventory_and_caja" time="0.326" /><testcase classname="tests.test_rysa_api.TestSales" name="test_sale_credito_no_toca_caja_aumenta_saldo" time="0.304" /><testcase classname="tests.test_rysa_api.TestSales" name="test_sale_existencia_insuficiente" time="0.115" /><testcase classname="tests.test_rysa_api.TestSales" name="test_sale_pago_insuficiente" time="0.120" /><testcase classname="tests.test_rysa_api.TestSales" name="test_cancelar_venta_revierte_todo" time="0.314" /><testcase classname="tests.test_rysa_api.TestSales" name="test_suspender_y_listar" time="0.230" /><testcase classname="tests.test_rysa_api.TestCajaClose" name="test_cerrar_caja_calcula_diferencia" time="0.118" /><testcase classname="tests.test_rysa_api.TestDashboard" name="test_dashboard_returns_metrics" time="0.059" /><testcase classname="tests.test_rysa_api.TestExcel" name="test_export_products_excel" time="0.123" /><testcase classname="tests.test_rysa_api.TestExcel" name="test_import_preview_and_confirm" time="0.203" /><testcase classname="tests.test_rysa_api.TestAudit" name="test_audit_records_actions" time="0.062" /></testsuite></testsuites>